2020/03/07 16:14:59 [error] [exception.CHttpException.404] CHttpException: Unable to resolve the request "gii". in J:\laragon\www\yii1\framework\web\CWebApplication.php:286
Stack trace:
#0 J:\laragon\www\yii1\framework\web\CWebApplication.php(141): CWebApplication->runController('gii')
#1 J:\laragon\www\yii1\framework\base\CApplication.php(185): CWebApplication->processRequest()
#2 J:\laragon\www\liateam\index.php(13): CApplication->run()
#3 {main}
REQUEST_URI=/index.php?r=gii
---
2020/03/08 16:03:22 [error] [system.db.CDbCommand] CDbCommand::fetchAll() failed: SQLSTATE[42S02]: Base table or view not found: 1146 Table 'liateam.users' doesn't exist. The SQL statement executed was: SHOW FULL COLUMNS FROM `users`.
in J:\laragon\www\liateam\index.php (13)
2020/03/08 16:03:42 [error] [system.db.CDbCommand] CDbCommand::fetchAll() failed: SQLSTATE[42S02]: Base table or view not found: 1146 Table 'liateam.users' doesn't exist. The SQL statement executed was: SHOW FULL COLUMNS FROM `users`.
in J:\laragon\www\liateam\index.php (13)
2020/03/08 16:05:10 [error] [exception.CDbException] CDbException: CDbConnection failed to open the DB connection: SQLSTATE[HY000] [1049] Unknown database 'lisateam' in J:\laragon\www\yii1\framework\db\CDbConnection.php:399
Stack trace:
#0 J:\laragon\www\yii1\framework\db\CDbConnection.php(347): CDbConnection->open()
#1 J:\laragon\www\yii1\framework\db\CDbConnection.php(325): CDbConnection->setActive(true)
#2 J:\laragon\www\yii1\framework\base\CModule.php(394): CDbConnection->init()
#3 J:\laragon\www\yii1\framework\base\CModule.php(103): CModule->getComponent('db')
#4 J:\laragon\www\yii1\framework\gii\generators\model\ModelCode.php(60): CModule->__get('db')
#5 J:\laragon\www\yii1\framework\web\CFormModel.php(39): ModelCode->init()
#6 J:\laragon\www\yii1\framework\gii\CCodeGenerator.php(153): CFormModel->__construct()
#7 J:\laragon\www\yii1\framework\gii\CCodeGenerator.php(63): CCodeGenerator->prepare()
#8 J:\laragon\www\yii1\framework\web\actions\CInlineAction.php(49): CCodeGenerator->actionIndex()
#9 J:\laragon\www\yii1\framework\web\CController.php(308): CInlineAction->runWithParams(Array)
#10 J:\laragon\www\yii1\framework\web\CController.php(286): CController->runAction(Object(CInlineAction))
#11 J:\laragon\www\yii1\framework\web\CController.php(265): CController->runActionWithFilters(Object(CInlineAction), Array)
#12 J:\laragon\www\yii1\framework\web\CWebApplication.php(282): CController->run('index')
#13 J:\laragon\www\yii1\framework\web\CWebApplication.php(141): CWebApplication->runController('gii/model/index')
#14 J:\laragon\www\yii1\framework\base\CApplication.php(185): CWebApplication->processRequest()
#15 J:\laragon\www\liateam\index.php(13): CApplication->run()
#16 {main}
REQUEST_URI=/index.php?r=gii/model/index
HTTP_REFERER=http://liateam.local/index.php?r=gii/model/index
---
2020/03/08 16:06:06 [error] [system.db.CDbCommand] CDbCommand::fetchAll() failed: SQLSTATE[42S02]: Base table or view not found: 1146 Table 'liateam.users' doesn't exist. The SQL statement executed was: SHOW FULL COLUMNS FROM `users`.
in J:\laragon\www\liateam\index.php (13)
2020/03/08 16:44:56 [error] [system.db.CDbCommand] CDbCommand::fetchAll() failed: SQLSTATE[42S02]: Base table or view not found: 1146 Table 'liateam.user' doesn't exist. The SQL statement executed was: SHOW FULL COLUMNS FROM `user`.
in J:\laragon\www\liateam\index.php (13)
2020/03/08 16:45:08 [error] [system.db.CDbCommand] CDbCommand::fetchAll() failed: SQLSTATE[42S02]: Base table or view not found: 1146 Table 'liateam.user' doesn't exist. The SQL statement executed was: SHOW FULL COLUMNS FROM `user`.
in J:\laragon\www\liateam\index.php (13)
2020/03/08 16:49:45 [error] [system.db.CDbCommand] CDbCommand::execute() failed: SQLSTATE[23000]: Integrity constraint violation: 1452 Cannot add or update a child row: a foreign key constraint fails (`liateam`.`tbl_post`, CONSTRAINT `tbl_post_ibfk_1` FOREIGN KEY (`auther_id`) REFERENCES `tbl_user` (`id`) ON DELETE CASCADE). The SQL statement executed was: INSERT INTO `tbl_post` (`title`, `content`, `status`, `tags`, `auther_id`) VALUES (:yp0, :yp1, :yp2, :yp3, :yp4).
in J:\laragon\www\liateam\protected\controllers\PostController.php (73)
in J:\laragon\www\liateam\index.php (13)
2020/03/08 16:49:45 [error] [exception.CDbException] CDbException: CDbCommand failed to execute the SQL statement: SQLSTATE[23000]: Integrity constraint violation: 1452 Cannot add or update a child row: a foreign key constraint fails (`liateam`.`tbl_post`, CONSTRAINT `tbl_post_ibfk_1` FOREIGN KEY (`auther_id`) REFERENCES `tbl_user` (`id`) ON DELETE CASCADE). The SQL statement executed was: INSERT INTO `tbl_post` (`title`, `content`, `status`, `tags`, `auther_id`) VALUES (:yp0, :yp1, :yp2, :yp3, :yp4) in J:\laragon\www\yii1\framework\db\CDbCommand.php:358
Stack trace:
#0 J:\laragon\www\yii1\framework\db\ar\CActiveRecord.php(1083): CDbCommand->execute()
#1 J:\laragon\www\yii1\framework\db\ar\CActiveRecord.php(811): CActiveRecord->insert(NULL)
#2 J:\laragon\www\liateam\protected\controllers\PostController.php(73): CActiveRecord->save()
#3 J:\laragon\www\yii1\framework\web\actions\CInlineAction.php(49): PostController->actionCreate()
#4 J:\laragon\www\yii1\framework\web\CController.php(308): CInlineAction->runWithParams(Array)
#5 J:\laragon\www\yii1\framework\web\filters\CFilterChain.php(134): CController->runAction(Object(CInlineAction))
#6 J:\laragon\www\yii1\framework\web\filters\CFilter.php(40): CFilterChain->run()
#7 J:\laragon\www\yii1\framework\web\CController.php(1148): CFilter->filter(Object(CFilterChain))
#8 J:\laragon\www\yii1\framework\web\filters\CInlineFilter.php(58): CController->filterAccessControl(Object(CFilterChain))
#9 J:\laragon\www\yii1\framework\web\filters\CFilterChain.php(131): CInlineFilter->filter(Object(CFilterChain))
#10 J:\laragon\www\yii1\framework\web\CController.php(291): CFilterChain->run()
#11 J:\laragon\www\yii1\framework\web\CController.php(265): CController->runActionWithFilters(Object(CInlineAction), Array)
#12 J:\laragon\www\yii1\framework\web\CWebApplication.php(282): CController->run('create')
#13 J:\laragon\www\yii1\framework\web\CWebApplication.php(141): CWebApplication->runController('post/create')
#14 J:\laragon\www\yii1\framework\base\CApplication.php(185): CWebApplication->processRequest()
#15 J:\laragon\www\liateam\index.php(13): CApplication->run()
#16 {main}
REQUEST_URI=/index.php?r=post/create
HTTP_REFERER=http://liateam.local/index.php?r=post/create
---
2020/03/08 18:32:22 [error] [exception.CHttpException.404] CHttpException: The system is unable to find the requested action "posts". in J:\laragon\www\yii1\framework\web\CController.php:486
Stack trace:
#0 J:\laragon\www\yii1\framework\web\CController.php(270): CController->missingAction('posts')
#1 J:\laragon\www\yii1\framework\web\CWebApplication.php(282): CController->run('posts')
#2 J:\laragon\www\yii1\framework\web\CWebApplication.php(141): CWebApplication->runController('api/posts')
#3 J:\laragon\www\yii1\framework\base\CApplication.php(185): CWebApplication->processRequest()
#4 J:\laragon\www\liateam\index.php(13): CApplication->run()
#5 {main}
REQUEST_URI=/index.php/api/posts
---
2020/03/08 18:33:41 [error] [exception.CHttpException.404] CHttpException: The system is unable to find the requested action "posts". in J:\laragon\www\yii1\framework\web\CController.php:486
Stack trace:
#0 J:\laragon\www\yii1\framework\web\CController.php(270): CController->missingAction('posts')
#1 J:\laragon\www\yii1\framework\web\CWebApplication.php(282): CController->run('posts')
#2 J:\laragon\www\yii1\framework\web\CWebApplication.php(141): CWebApplication->runController('api/posts')
#3 J:\laragon\www\yii1\framework\base\CApplication.php(185): CWebApplication->processRequest()
#4 J:\laragon\www\liateam\index.php(13): CApplication->run()
#5 {main}
REQUEST_URI=/index.php/api/posts
---
2020/03/08 18:49:16 [error] [exception.CHttpException.403] CHttpException: You are not authorized to perform this action. in J:\laragon\www\yii1\framework\web\auth\CAccessControlFilter.php:183
Stack trace:
#0 J:\laragon\www\yii1\framework\web\auth\CAccessControlFilter.php(145): CAccessControlFilter->accessDenied(Object(CWebUser), 'You are not aut...')
#1 J:\laragon\www\yii1\framework\web\filters\CFilter.php(38): CAccessControlFilter->preFilter(Object(CFilterChain))
#2 J:\laragon\www\yii1\framework\web\CController.php(1148): CFilter->filter(Object(CFilterChain))
#3 J:\laragon\www\yii1\framework\web\filters\CInlineFilter.php(58): CController->filterAccessControl(Object(CFilterChain))
#4 J:\laragon\www\yii1\framework\web\filters\CFilterChain.php(131): CInlineFilter->filter(Object(CFilterChain))
#5 J:\laragon\www\yii1\framework\web\CController.php(291): CFilterChain->run()
#6 J:\laragon\www\yii1\framework\web\CController.php(265): CController->runActionWithFilters(Object(EActionRestGET), Array)
#7 J:\laragon\www\yii1\framework\web\CWebApplication.php(282): CController->run('REST.GET')
#8 J:\laragon\www\yii1\framework\web\CWebApplication.php(141): CWebApplication->runController('post/REST.GET')
#9 J:\laragon\www\yii1\framework\base\CApplication.php(185): CWebApplication->processRequest()
#10 J:\laragon\www\liateam\index.php(13): CApplication->run()
#11 {main}
REQUEST_URI=/api/post
HTTP_REFERER=http://liateam.local/index.php/site/login
---
2020/03/08 18:50:48 [error] [exception.CHttpException.403] CHttpException: You are not authorized to perform this action. in J:\laragon\www\yii1\framework\web\auth\CAccessControlFilter.php:183
Stack trace:
#0 J:\laragon\www\yii1\framework\web\auth\CAccessControlFilter.php(145): CAccessControlFilter->accessDenied(Object(CWebUser), 'You are not aut...')
#1 J:\laragon\www\yii1\framework\web\filters\CFilter.php(38): CAccessControlFilter->preFilter(Object(CFilterChain))
#2 J:\laragon\www\yii1\framework\web\CController.php(1148): CFilter->filter(Object(CFilterChain))
#3 J:\laragon\www\yii1\framework\web\filters\CInlineFilter.php(58): CController->filterAccessControl(Object(CFilterChain))
#4 J:\laragon\www\yii1\framework\web\filters\CFilterChain.php(131): CInlineFilter->filter(Object(CFilterChain))
#5 J:\laragon\www\yii1\framework\web\CController.php(291): CFilterChain->run()
#6 J:\laragon\www\yii1\framework\web\CController.php(265): CController->runActionWithFilters(Object(EActionRestGET), Array)
#7 J:\laragon\www\yii1\framework\web\CWebApplication.php(282): CController->run('REST.GET')
#8 J:\laragon\www\yii1\framework\web\CWebApplication.php(141): CWebApplication->runController('post/REST.GET')
#9 J:\laragon\www\yii1\framework\base\CApplication.php(185): CWebApplication->processRequest()
#10 J:\laragon\www\liateam\index.php(13): CApplication->run()
#11 {main}
REQUEST_URI=/api/post
HTTP_REFERER=http://liateam.local/index.php/site/login
---
2020/03/08 18:51:20 [error] [exception.CHttpException.401] CHttpException: Unauthorized in J:\laragon\www\liateam\protected\extensions\starship\RestfullYii\filters\ERestFilter.php:81
Stack trace:
#0 J:\laragon\www\yii1\framework\web\filters\CFilter.php(38): ERestFilter->preFilter(Object(CFilterChain))
#1 J:\laragon\www\yii1\framework\web\filters\CFilterChain.php(131): CFilter->filter(Object(CFilterChain))
#2 J:\laragon\www\yii1\framework\web\filters\CFilter.php(40): CFilterChain->run()
#3 J:\laragon\www\yii1\framework\web\CController.php(1148): CFilter->filter(Object(CFilterChain))
#4 J:\laragon\www\yii1\framework\web\filters\CInlineFilter.php(58): CController->filterAccessControl(Object(CFilterChain))
#5 J:\laragon\www\yii1\framework\web\filters\CFilterChain.php(131): CInlineFilter->filter(Object(CFilterChain))
#6 J:\laragon\www\yii1\framework\web\CController.php(291): CFilterChain->run()
#7 J:\laragon\www\yii1\framework\web\CController.php(265): CController->runActionWithFilters(Object(EActionRestGET), Array)
#8 J:\laragon\www\yii1\framework\web\CWebApplication.php(282): CController->run('REST.GET')
#9 J:\laragon\www\yii1\framework\web\CWebApplication.php(141): CWebApplication->runController('post/REST.GET')
#10 J:\laragon\www\yii1\framework\base\CApplication.php(185): CWebApplication->processRequest()
#11 J:\laragon\www\liateam\index.php(13): CApplication->run()
#12 {main}
REQUEST_URI=/api/post
---
2020/03/08 18:51:48 [error] [exception.CHttpException.401] CHttpException: Unauthorized in J:\laragon\www\liateam\protected\extensions\starship\RestfullYii\filters\ERestFilter.php:81
Stack trace:
#0 J:\laragon\www\yii1\framework\web\filters\CFilter.php(38): ERestFilter->preFilter(Object(CFilterChain))
#1 J:\laragon\www\yii1\framework\web\filters\CFilterChain.php(131): CFilter->filter(Object(CFilterChain))
#2 J:\laragon\www\yii1\framework\web\filters\CFilter.php(40): CFilterChain->run()
#3 J:\laragon\www\yii1\framework\web\CController.php(1148): CFilter->filter(Object(CFilterChain))
#4 J:\laragon\www\yii1\framework\web\filters\CInlineFilter.php(58): CController->filterAccessControl(Object(CFilterChain))
#5 J:\laragon\www\yii1\framework\web\filters\CFilterChain.php(131): CInlineFilter->filter(Object(CFilterChain))
#6 J:\laragon\www\yii1\framework\web\CController.php(291): CFilterChain->run()
#7 J:\laragon\www\yii1\framework\web\CController.php(265): CController->runActionWithFilters(Object(EActionRestGET), Array)
#8 J:\laragon\www\yii1\framework\web\CWebApplication.php(282): CController->run('REST.GET')
#9 J:\laragon\www\yii1\framework\web\CWebApplication.php(141): CWebApplication->runController('post/REST.GET')
#10 J:\laragon\www\yii1\framework\base\CApplication.php(185): CWebApplication->processRequest()
#11 J:\laragon\www\liateam\index.php(13): CApplication->run()
#12 {main}
REQUEST_URI=/api/post
---
2020/03/08 18:51:56 [error] [exception.CHttpException.401] CHttpException: Unauthorized in J:\laragon\www\liateam\protected\extensions\starship\RestfullYii\filters\ERestFilter.php:81
Stack trace:
#0 J:\laragon\www\yii1\framework\web\filters\CFilter.php(38): ERestFilter->preFilter(Object(CFilterChain))
#1 J:\laragon\www\yii1\framework\web\filters\CFilterChain.php(131): CFilter->filter(Object(CFilterChain))
#2 J:\laragon\www\yii1\framework\web\filters\CFilter.php(40): CFilterChain->run()
#3 J:\laragon\www\yii1\framework\web\CController.php(1148): CFilter->filter(Object(CFilterChain))
#4 J:\laragon\www\yii1\framework\web\filters\CInlineFilter.php(58): CController->filterAccessControl(Object(CFilterChain))
#5 J:\laragon\www\yii1\framework\web\filters\CFilterChain.php(131): CInlineFilter->filter(Object(CFilterChain))
#6 J:\laragon\www\yii1\framework\web\CController.php(291): CFilterChain->run()
#7 J:\laragon\www\yii1\framework\web\CController.php(265): CController->runActionWithFilters(Object(EActionRestGET), Array)
#8 J:\laragon\www\yii1\framework\web\CWebApplication.php(282): CController->run('REST.GET')
#9 J:\laragon\www\yii1\framework\web\CWebApplication.php(141): CWebApplication->runController('post/REST.GET')
#10 J:\laragon\www\yii1\framework\base\CApplication.php(185): CWebApplication->processRequest()
#11 J:\laragon\www\liateam\index.php(13): CApplication->run()
#12 {main}
REQUEST_URI=/api/post/1
---
2020/03/08 18:54:14 [error] [exception.CHttpException.401] CHttpException: Unauthorized in J:\laragon\www\liateam\protected\extensions\starship\RestfullYii\filters\ERestFilter.php:81
Stack trace:
#0 J:\laragon\www\yii1\framework\web\filters\CFilter.php(38): ERestFilter->preFilter(Object(CFilterChain))
#1 J:\laragon\www\yii1\framework\web\filters\CFilterChain.php(131): CFilter->filter(Object(CFilterChain))
#2 J:\laragon\www\yii1\framework\web\filters\CFilter.php(40): CFilterChain->run()
#3 J:\laragon\www\yii1\framework\web\CController.php(1148): CFilter->filter(Object(CFilterChain))
#4 J:\laragon\www\yii1\framework\web\filters\CInlineFilter.php(58): CController->filterAccessControl(Object(CFilterChain))
#5 J:\laragon\www\yii1\framework\web\filters\CFilterChain.php(131): CInlineFilter->filter(Object(CFilterChain))
#6 J:\laragon\www\yii1\framework\web\CController.php(291): CFilterChain->run()
#7 J:\laragon\www\yii1\framework\web\CController.php(265): CController->runActionWithFilters(Object(EActionRestGET), Array)
#8 J:\laragon\www\yii1\framework\web\CWebApplication.php(282): CController->run('REST.GET')
#9 J:\laragon\www\yii1\framework\web\CWebApplication.php(141): CWebApplication->runController('post/REST.GET')
#10 J:\laragon\www\yii1\framework\base\CApplication.php(185): CWebApplication->processRequest()
#11 J:\laragon\www\liateam\index.php(13): CApplication->run()
#12 {main}
REQUEST_URI=/api/post/
---
2020/03/08 18:54:44 [error] [exception.CHttpException.404] CHttpException: RESOURCE '1' NOT FOUND in J:\laragon\www\liateam\protected\extensions\starship\RestfullYii\components\ERestResourceHelper.php:87
Stack trace:
#0 J:\laragon\www\liateam\protected\extensions\starship\RestfullYii\actions\ERestBaseAction.php(79): ERestResourceHelper->prepareRestModel('1')
#1 J:\laragon\www\liateam\protected\extensions\starship\RestfullYii\actions\EActionRestGET.php(52): ERestBaseAction->getModel('1')
#2 J:\laragon\www\liateam\protected\extensions\starship\RestfullYii\actions\ERestBaseAction.php(60): EActionRestGET->{closure}(Array, Array)
#3 J:\laragon\www\liateam\protected\extensions\starship\RestfullYii\actions\EActionRestGET.php(58): ERestBaseAction->finalRender(Object(Closure))
#4 [internal function]: EActionRestGET->run('1', NULL, NULL)
#5 J:\laragon\www\yii1\framework\web\actions\CAction.php(109): ReflectionMethod->invokeArgs(Object(EActionRestGET), Array)
#6 J:\laragon\www\yii1\framework\web\actions\CAction.php(74): CAction->runWithParamsInternal(Object(EActionRestGET), Object(ReflectionMethod), Array)
#7 J:\laragon\www\yii1\framework\web\CController.php(308): CAction->runWithParams(Array)
#8 J:\laragon\www\yii1\framework\web\filters\CFilterChain.php(134): CController->runAction(Object(EActionRestGET))
#9 J:\laragon\www\liateam\protected\extensions\starship\RestfullYii\filters\ERestFilter.php(88): CFilterChain->run()
#10 J:\laragon\www\yii1\framework\web\filters\CFilter.php(38): ERestFilter->preFilter(Object(CFilterChain))
#11 J:\laragon\www\yii1\framework\web\filters\CFilterChain.php(131): CFilter->filter(Object(CFilterChain))
#12 J:\laragon\www\yii1\framework\web\filters\CFilter.php(40): CFilterChain->run()
#13 J:\laragon\www\yii1\framework\web\CController.php(1148): CFilter->filter(Object(CFilterChain))
#14 J:\laragon\www\yii1\framework\web\filters\CInlineFilter.php(58): CController->filterAccessControl(Object(CFilterChain))
#15 J:\laragon\www\yii1\framework\web\filters\CFilterChain.php(131): CInlineFilter->filter(Object(CFilterChain))
#16 J:\laragon\www\yii1\framework\web\CController.php(291): CFilterChain->run()
#17 J:\laragon\www\yii1\framework\web\CController.php(265): CController->runActionWithFilters(Object(EActionRestGET), Array)
#18 J:\laragon\www\yii1\framework\web\CWebApplication.php(282): CController->run('REST.GET')
#19 J:\laragon\www\yii1\framework\web\CWebApplication.php(141): CWebApplication->runController('post/REST.GET')
#20 J:\laragon\www\yii1\framework\base\CApplication.php(185): CWebApplication->processRequest()
#21 J:\laragon\www\liateam\index.php(13): CApplication->run()
#22 {main}
REQUEST_URI=/api/post/1
---
2020/03/08 18:54:59 [error] [exception.CHttpException.404] CHttpException: RESOURCE '1' NOT FOUND in J:\laragon\www\liateam\protected\extensions\starship\RestfullYii\components\ERestResourceHelper.php:87
Stack trace:
#0 J:\laragon\www\liateam\protected\extensions\starship\RestfullYii\actions\ERestBaseAction.php(79): ERestResourceHelper->prepareRestModel('1')
#1 J:\laragon\www\liateam\protected\extensions\starship\RestfullYii\actions\EActionRestGET.php(52): ERestBaseAction->getModel('1')
#2 J:\laragon\www\liateam\protected\extensions\starship\RestfullYii\actions\ERestBaseAction.php(60): EActionRestGET->{closure}(Array, Array)
#3 J:\laragon\www\liateam\protected\extensions\starship\RestfullYii\actions\EActionRestGET.php(58): ERestBaseAction->finalRender(Object(Closure))
#4 [internal function]: EActionRestGET->run('1', NULL, NULL)
#5 J:\laragon\www\yii1\framework\web\actions\CAction.php(109): ReflectionMethod->invokeArgs(Object(EActionRestGET), Array)
#6 J:\laragon\www\yii1\framework\web\actions\CAction.php(74): CAction->runWithParamsInternal(Object(EActionRestGET), Object(ReflectionMethod), Array)
#7 J:\laragon\www\yii1\framework\web\CController.php(308): CAction->runWithParams(Array)
#8 J:\laragon\www\yii1\framework\web\filters\CFilterChain.php(134): CController->runAction(Object(EActionRestGET))
#9 J:\laragon\www\liateam\protected\extensions\starship\RestfullYii\filters\ERestFilter.php(88): CFilterChain->run()
#10 J:\laragon\www\yii1\framework\web\filters\CFilter.php(38): ERestFilter->preFilter(Object(CFilterChain))
#11 J:\laragon\www\yii1\framework\web\filters\CFilterChain.php(131): CFilter->filter(Object(CFilterChain))
#12 J:\laragon\www\yii1\framework\web\filters\CFilter.php(40): CFilterChain->run()
#13 J:\laragon\www\yii1\framework\web\CController.php(1148): CFilter->filter(Object(CFilterChain))
#14 J:\laragon\www\yii1\framework\web\filters\CInlineFilter.php(58): CController->filterAccessControl(Object(CFilterChain))
#15 J:\laragon\www\yii1\framework\web\filters\CFilterChain.php(131): CInlineFilter->filter(Object(CFilterChain))
#16 J:\laragon\www\yii1\framework\web\CController.php(291): CFilterChain->run()
#17 J:\laragon\www\yii1\framework\web\CController.php(265): CController->runActionWithFilters(Object(EActionRestGET), Array)
#18 J:\laragon\www\yii1\framework\web\CWebApplication.php(282): CController->run('REST.GET')
#19 J:\laragon\www\yii1\framework\web\CWebApplication.php(141): CWebApplication->runController('post/REST.GET')
#20 J:\laragon\www\yii1\framework\base\CApplication.php(185): CWebApplication->processRequest()
#21 J:\laragon\www\liateam\index.php(13): CApplication->run()
#22 {main}
REQUEST_URI=/api/post/1
---
2020/03/08 18:54:59 [error] [exception.CHttpException.404] CHttpException: RESOURCE '1' NOT FOUND in J:\laragon\www\liateam\protected\extensions\starship\RestfullYii\components\ERestResourceHelper.php:87
Stack trace:
#0 J:\laragon\www\liateam\protected\extensions\starship\RestfullYii\actions\ERestBaseAction.php(79): ERestResourceHelper->prepareRestModel('1')
#1 J:\laragon\www\liateam\protected\extensions\starship\RestfullYii\actions\EActionRestGET.php(52): ERestBaseAction->getModel('1')
#2 J:\laragon\www\liateam\protected\extensions\starship\RestfullYii\actions\ERestBaseAction.php(60): EActionRestGET->{closure}(Array, Array)
#3 J:\laragon\www\liateam\protected\extensions\starship\RestfullYii\actions\EActionRestGET.php(58): ERestBaseAction->finalRender(Object(Closure))
#4 [internal function]: EActionRestGET->run('1', NULL, NULL)
#5 J:\laragon\www\yii1\framework\web\actions\CAction.php(109): ReflectionMethod->invokeArgs(Object(EActionRestGET), Array)
#6 J:\laragon\www\yii1\framework\web\actions\CAction.php(74): CAction->runWithParamsInternal(Object(EActionRestGET), Object(ReflectionMethod), Array)
#7 J:\laragon\www\yii1\framework\web\CController.php(308): CAction->runWithParams(Array)
#8 J:\laragon\www\yii1\framework\web\filters\CFilterChain.php(134): CController->runAction(Object(EActionRestGET))
#9 J:\laragon\www\liateam\protected\extensions\starship\RestfullYii\filters\ERestFilter.php(88): CFilterChain->run()
#10 J:\laragon\www\yii1\framework\web\filters\CFilter.php(38): ERestFilter->preFilter(Object(CFilterChain))
#11 J:\laragon\www\yii1\framework\web\filters\CFilterChain.php(131): CFilter->filter(Object(CFilterChain))
#12 J:\laragon\www\yii1\framework\web\filters\CFilter.php(40): CFilterChain->run()
#13 J:\laragon\www\yii1\framework\web\CController.php(1148): CFilter->filter(Object(CFilterChain))
#14 J:\laragon\www\yii1\framework\web\filters\CInlineFilter.php(58): CController->filterAccessControl(Object(CFilterChain))
#15 J:\laragon\www\yii1\framework\web\filters\CFilterChain.php(131): CInlineFilter->filter(Object(CFilterChain))
#16 J:\laragon\www\yii1\framework\web\CController.php(291): CFilterChain->run()
#17 J:\laragon\www\yii1\framework\web\CController.php(265): CController->runActionWithFilters(Object(EActionRestGET), Array)
#18 J:\laragon\www\yii1\framework\web\CWebApplication.php(282): CController->run('REST.GET')
#19 J:\laragon\www\yii1\framework\web\CWebApplication.php(141): CWebApplication->runController('post/REST.GET')
#20 J:\laragon\www\yii1\framework\base\CApplication.php(185): CWebApplication->processRequest()
#21 J:\laragon\www\liateam\index.php(13): CApplication->run()
#22 {main}
REQUEST_URI=/api/post/1
---
2020/03/08 18:55:58 [error] [exception.CHttpException.401] CHttpException: Unauthorized in J:\laragon\www\liateam\protected\extensions\starship\RestfullYii\filters\ERestFilter.php:81
Stack trace:
#0 J:\laragon\www\yii1\framework\web\filters\CFilter.php(38): ERestFilter->preFilter(Object(CFilterChain))
#1 J:\laragon\www\yii1\framework\web\filters\CFilterChain.php(131): CFilter->filter(Object(CFilterChain))
#2 J:\laragon\www\yii1\framework\web\filters\CFilter.php(40): CFilterChain->run()
#3 J:\laragon\www\yii1\framework\web\CController.php(1148): CFilter->filter(Object(CFilterChain))
#4 J:\laragon\www\yii1\framework\web\filters\CInlineFilter.php(58): CController->filterAccessControl(Object(CFilterChain))
#5 J:\laragon\www\yii1\framework\web\filters\CFilterChain.php(131): CInlineFilter->filter(Object(CFilterChain))
#6 J:\laragon\www\yii1\framework\web\CController.php(291): CFilterChain->run()
#7 J:\laragon\www\yii1\framework\web\CController.php(265): CController->runActionWithFilters(Object(EActionRestGET), Array)
#8 J:\laragon\www\yii1\framework\web\CWebApplication.php(282): CController->run('REST.GET')
#9 J:\laragon\www\yii1\framework\web\CWebApplication.php(141): CWebApplication->runController('post/REST.GET')
#10 J:\laragon\www\yii1\framework\base\CApplication.php(185): CWebApplication->processRequest()
#11 J:\laragon\www\liateam\index.php(13): CApplication->run()
#12 {main}
REQUEST_URI=/api/post
HTTP_REFERER=http://liateam.local/index.php/site/login
---
2020/03/08 18:56:00 [error] [exception.CHttpException.401] CHttpException: Unauthorized in J:\laragon\www\liateam\protected\extensions\starship\RestfullYii\filters\ERestFilter.php:81
Stack trace:
#0 J:\laragon\www\yii1\framework\web\filters\CFilter.php(38): ERestFilter->preFilter(Object(CFilterChain))
#1 J:\laragon\www\yii1\framework\web\filters\CFilterChain.php(131): CFilter->filter(Object(CFilterChain))
#2 J:\laragon\www\yii1\framework\web\filters\CFilter.php(40): CFilterChain->run()
#3 J:\laragon\www\yii1\framework\web\CController.php(1148): CFilter->filter(Object(CFilterChain))
#4 J:\laragon\www\yii1\framework\web\filters\CInlineFilter.php(58): CController->filterAccessControl(Object(CFilterChain))
#5 J:\laragon\www\yii1\framework\web\filters\CFilterChain.php(131): CInlineFilter->filter(Object(CFilterChain))
#6 J:\laragon\www\yii1\framework\web\CController.php(291): CFilterChain->run()
#7 J:\laragon\www\yii1\framework\web\CController.php(265): CController->runActionWithFilters(Object(EActionRestGET), Array)
#8 J:\laragon\www\yii1\framework\web\CWebApplication.php(282): CController->run('REST.GET')
#9 J:\laragon\www\yii1\framework\web\CWebApplication.php(141): CWebApplication->runController('post/REST.GET')
#10 J:\laragon\www\yii1\framework\base\CApplication.php(185): CWebApplication->processRequest()
#11 J:\laragon\www\liateam\index.php(13): CApplication->run()
#12 {main}
REQUEST_URI=/api/post
HTTP_REFERER=http://liateam.local/index.php/site/login
---
2020/03/08 19:18:41 [error] [exception.CHttpException.401] CHttpException: Unauthorized in J:\laragon\www\liateam\protected\extensions\starship\RestfullYii\filters\ERestFilter.php:81
Stack trace:
#0 J:\laragon\www\yii1\framework\web\filters\CFilter.php(38): ERestFilter->preFilter(Object(CFilterChain))
#1 J:\laragon\www\yii1\framework\web\filters\CFilterChain.php(131): CFilter->filter(Object(CFilterChain))
#2 J:\laragon\www\yii1\framework\web\filters\CFilter.php(40): CFilterChain->run()
#3 J:\laragon\www\yii1\framework\web\CController.php(1148): CFilter->filter(Object(CFilterChain))
#4 J:\laragon\www\yii1\framework\web\filters\CInlineFilter.php(58): CController->filterAccessControl(Object(CFilterChain))
#5 J:\laragon\www\yii1\framework\web\filters\CFilterChain.php(131): CInlineFilter->filter(Object(CFilterChain))
#6 J:\laragon\www\yii1\framework\web\CController.php(291): CFilterChain->run()
#7 J:\laragon\www\yii1\framework\web\CController.php(265): CController->runActionWithFilters(Object(EActionRestGET), Array)
#8 J:\laragon\www\yii1\framework\web\CWebApplication.php(282): CController->run('REST.GET')
#9 J:\laragon\www\yii1\framework\web\CWebApplication.php(141): CWebApplication->runController('post/REST.GET')
#10 J:\laragon\www\yii1\framework\base\CApplication.php(185): CWebApplication->processRequest()
#11 J:\laragon\www\liateam\index.php(13): CApplication->run()
#12 {main}
REQUEST_URI=/api/post/4
---
2020/03/08 19:18:42 [error] [exception.CHttpException.401] CHttpException: Unauthorized in J:\laragon\www\liateam\protected\extensions\starship\RestfullYii\filters\ERestFilter.php:81
Stack trace:
#0 J:\laragon\www\yii1\framework\web\filters\CFilter.php(38): ERestFilter->preFilter(Object(CFilterChain))
#1 J:\laragon\www\yii1\framework\web\filters\CFilterChain.php(131): CFilter->filter(Object(CFilterChain))
#2 J:\laragon\www\yii1\framework\web\filters\CFilter.php(40): CFilterChain->run()
#3 J:\laragon\www\yii1\framework\web\CController.php(1148): CFilter->filter(Object(CFilterChain))
#4 J:\laragon\www\yii1\framework\web\filters\CInlineFilter.php(58): CController->filterAccessControl(Object(CFilterChain))
#5 J:\laragon\www\yii1\framework\web\filters\CFilterChain.php(131): CInlineFilter->filter(Object(CFilterChain))
#6 J:\laragon\www\yii1\framework\web\CController.php(291): CFilterChain->run()
#7 J:\laragon\www\yii1\framework\web\CController.php(265): CController->runActionWithFilters(Object(EActionRestGET), Array)
#8 J:\laragon\www\yii1\framework\web\CWebApplication.php(282): CController->run('REST.GET')
#9 J:\laragon\www\yii1\framework\web\CWebApplication.php(141): CWebApplication->runController('post/REST.GET')
#10 J:\laragon\www\yii1\framework\base\CApplication.php(185): CWebApplication->processRequest()
#11 J:\laragon\www\liateam\index.php(13): CApplication->run()
#12 {main}
REQUEST_URI=/api/post/4
---
2020/03/08 19:19:30 [error] [exception.CHttpException.404] CHttpException: The system is unable to find the requested action "REST.GET". in J:\laragon\www\yii1\framework\web\CController.php:486
Stack trace:
#0 J:\laragon\www\yii1\framework\web\CController.php(270): CController->missingAction('REST.GET')
#1 J:\laragon\www\yii1\framework\web\CWebApplication.php(282): CController->run('REST.GET')
#2 J:\laragon\www\yii1\framework\web\CWebApplication.php(141): CWebApplication->runController('post/REST.GET')
#3 J:\laragon\www\yii1\framework\base\CApplication.php(185): CWebApplication->processRequest()
#4 J:\laragon\www\liateam\index.php(13): CApplication->run()
#5 {main}
REQUEST_URI=/api/post/4
---
2020/03/08 19:19:34 [error] [exception.CHttpException.404] CHttpException: The system is unable to find the requested action "REST.GET". in J:\laragon\www\yii1\framework\web\CController.php:486
Stack trace:
#0 J:\laragon\www\yii1\framework\web\CController.php(270): CController->missingAction('REST.GET')
#1 J:\laragon\www\yii1\framework\web\CWebApplication.php(282): CController->run('REST.GET')
#2 J:\laragon\www\yii1\framework\web\CWebApplication.php(141): CWebApplication->runController('post/REST.GET')
#3 J:\laragon\www\yii1\framework\base\CApplication.php(185): CWebApplication->processRequest()
#4 J:\laragon\www\liateam\index.php(13): CApplication->run()
#5 {main}
REQUEST_URI=/api/post/4
---
2020/03/08 19:21:48 [error] [exception.CHttpException.400] CHttpException: {"status":["Status cannot be blank."]} in J:\laragon\www\liateam\protected\extensions\starship\RestfullYii\events\ERestEventListenerRegistry.php:887
Stack trace:
#0 J:\laragon\www\liateam\protected\extensions\starship\RestfullYii\events\Eventor\Eventor.php(170): ERestEventListenerRegistry->{closure}(Object(Post))
#1 J:\laragon\www\liateam\protected\extensions\starship\RestfullYii\behaviors\ERestBehavior.php(109): Eventor->emit('model.save', Array)
#2 J:\laragon\www\yii1\framework\base\CComponent.php(261): ERestBehavior->emitRest('model.save', Array)
#3 J:\laragon\www\liateam\protected\extensions\starship\RestfullYii\actions\EActionRestPOST.php(70): CComponent->__call('emitRest', Array)
#4 J:\laragon\www\liateam\protected\extensions\starship\RestfullYii\actions\EActionRestPOST.php(33): EActionRestPOST->handlePost()
#5 J:\laragon\www\liateam\protected\extensions\starship\RestfullYii\actions\ERestBaseAction.php(60): EActionRestPOST->{closure}(Array, Array)
#6 J:\laragon\www\liateam\protected\extensions\starship\RestfullYii\actions\EActionRestPOST.php(50): ERestBaseAction->finalRender(Object(Closure))
#7 [internal function]: EActionRestPOST->run(NULL, NULL, NULL)
#8 J:\laragon\www\yii1\framework\web\actions\CAction.php(109): ReflectionMethod->invokeArgs(Object(EActionRestPOST), Array)
#9 J:\laragon\www\yii1\framework\web\actions\CAction.php(74): CAction->runWithParamsInternal(Object(EActionRestPOST), Object(ReflectionMethod), Array)
#10 J:\laragon\www\yii1\framework\web\CController.php(308): CAction->runWithParams(Array)
#11 J:\laragon\www\yii1\framework\web\filters\CFilterChain.php(134): CController->runAction(Object(EActionRestPOST))
#12 J:\laragon\www\liateam\protected\extensions\starship\RestfullYii\filters\ERestFilter.php(88): CFilterChain->run()
#13 J:\laragon\www\yii1\framework\web\filters\CFilter.php(38): ERestFilter->preFilter(Object(CFilterChain))
#14 J:\laragon\www\yii1\framework\web\filters\CFilterChain.php(131): CFilter->filter(Object(CFilterChain))
#15 J:\laragon\www\yii1\framework\web\filters\CFilter.php(40): CFilterChain->run()
#16 J:\laragon\www\yii1\framework\web\CController.php(1148): CFilter->filter(Object(CFilterChain))
#17 J:\laragon\www\yii1\framework\web\filters\CInlineFilter.php(58): CController->filterAccessControl(Object(CFilterChain))
#18 J:\laragon\www\yii1\framework\web\filters\CFilterChain.php(131): CInlineFilter->filter(Object(CFilterChain))
#19 J:\laragon\www\yii1\framework\web\CController.php(291): CFilterChain->run()
#20 J:\laragon\www\yii1\framework\web\CController.php(265): CController->runActionWithFilters(Object(EActionRestPOST), Array)
#21 J:\laragon\www\yii1\framework\web\CWebApplication.php(282): CController->run('REST.POST')
#22 J:\laragon\www\yii1\framework\web\CWebApplication.php(141): CWebApplication->runController('post/REST.POST')
#23 J:\laragon\www\yii1\framework\base\CApplication.php(185): CWebApplication->processRequest()
#24 J:\laragon\www\liateam\index.php(13): CApplication->run()
#25 {main}
REQUEST_URI=/api/post/
---
2020/03/08 19:22:08 [warning] [application] Failed to set unsafe attribute "id" of "Post".
in J:\laragon\www\liateam\protected\extensions\starship\RestfullYii\ARBehaviors\ERestActiveRecordRelationBehavior.php (114)
in J:\laragon\www\liateam\protected\extensions\starship\RestfullYii\ARBehaviors\ERestActiveRecordRelationBehavior.php (48)
in J:\laragon\www\liateam\protected\extensions\starship\RestfullYii\events\ERestEventListenerRegistry.php (886)
2020/03/08 19:40:55 [warning] [application] Failed to set unsafe attribute "id" of "Post".
in J:\laragon\www\liateam\protected\extensions\starship\RestfullYii\ARBehaviors\ERestActiveRecordRelationBehavior.php (114)
in J:\laragon\www\liateam\protected\extensions\starship\RestfullYii\ARBehaviors\ERestActiveRecordRelationBehavior.php (48)
in J:\laragon\www\liateam\protected\extensions\starship\RestfullYii\events\ERestEventListenerRegistry.php (886)
